<?xml version="1.0" encoding="UTF-8"?>
<!-- Generated by org.testng.reporters.JUnitReportReporter -->
<testsuite skipped="0" hostname="DESKTOP-UUD6E15" name="MyAccountPageTest" tests="1" failures="0" timestamp="08 Aug 2021 13:10:43 GMT" time="33.085" errors="0">
  <testcase name="gotoHomePageTest" time="33.085" classname="MyAccountPageTest"/>
</testsuite> <!-- MyAccountPageTest -->
