<?xml version="1.0" encoding="UTF-8"?>
<!-- Generated by org.testng.reporters.JUnitReportReporter -->
<testsuite skipped="0" hostname="DESKTOP-UUD6E15" name="HomePageTest" tests="1" failures="0" timestamp="08 Aug 2021 13:44:23 GMT" time="30.456" errors="0">
  <testcase name="gotoSummerDressesPageTest" time="30.456" classname="HomePageTest"/>
</testsuite> <!-- HomePageTest -->
