<?xml version="1.0" encoding="UTF-8"?>
<!-- Generated by org.testng.reporters.JUnitReportReporter -->
<testsuite skipped="0" hostname="DESKTOP-UUD6E15" name="LoginPageTest" tests="2" failures="0" timestamp="08 Aug 2021 12:20:55 GMT" time="45.770" errors="0">
  <testcase name="validateLoginTitle" time="20.351" classname="LoginPageTest"/>
  <testcase name="login" time="25.419" classname="LoginPageTest"/>
</testsuite> <!-- LoginPageTest -->
